2024-11-25 12:07:33.592 +01:00 [INF] User profile is available. Using 'C:\Users\solve\AppData\Local\ASP.NET\DataProtection-Keys' as key repository and Windows DPAPI to encrypt keys at rest.
2024-11-25 12:07:33.709 +01:00 [INF] Now listening on: http://localhost:5243
2024-11-25 12:07:33.713 +01:00 [INF] Application started. Press Ctrl+C to shut down.
2024-11-25 12:07:33.713 +01:00 [INF] Hosting environment: Development
2024-11-25 12:07:33.714 +01:00 [INF] Content root path: C:\Users\solve\VSprojects\Webapplikasjoner\PinThePlace\PinThePlace
2024-11-25 12:07:33.943 +01:00 [INF] Request starting HTTP/1.1 GET http://localhost:5243/ - null null
2024-11-25 12:07:33.973 +01:00 [INF] Executing endpoint 'PinThePlace.Controllers.PinController.Table (PinThePlace)'
2024-11-25 12:07:33.986 +01:00 [INF] Route matched with {action = "Table", controller = "Pin", page = "", area = ""}. Executing controller action with signature System.Threading.Tasks.Task`1[Microsoft.AspNetCore.Mvc.IActionResult] Table() on controller PinThePlace.Controllers.PinController (PinThePlace).
2024-11-25 12:07:34.042 +01:00 [INF] Executing ViewResult, running view Table.
2024-11-25 12:07:34.116 +01:00 [INF] Executed ViewResult - view Table executed in 74.4008ms.
2024-11-25 12:07:34.117 +01:00 [INF] Executed action PinThePlace.Controllers.PinController.Table (PinThePlace) in 130.6359ms
2024-11-25 12:07:34.117 +01:00 [INF] Executed endpoint 'PinThePlace.Controllers.PinController.Table (PinThePlace)'
2024-11-25 12:07:34.125 +01:00 [INF] Request finished HTTP/1.1 GET http://localhost:5243/ - 200 null text/html; charset=utf-8 183.6548ms
2024-11-25 12:07:34.133 +01:00 [INF] Request starting HTTP/1.1 GET http://localhost:5243/js/bootstrap.js - null null
2024-11-25 12:07:34.133 +01:00 [INF] Request starting HTTP/1.1 GET http://localhost:5243/js/jquery.min.js - null null
2024-11-25 12:07:34.135 +01:00 [INF] Request starting HTTP/1.1 GET http://localhost:5243/js/jquery.validate.js - null null
2024-11-25 12:07:34.135 +01:00 [INF] Request starting HTTP/1.1 GET http://localhost:5243/js/jquery.validate.unobtrusive.js - null null
2024-11-25 12:07:34.135 +01:00 [INF] Request starting HTTP/1.1 GET http://localhost:5243/mystyle.css - null null
2024-11-25 12:07:34.136 +01:00 [INF] Request starting HTTP/1.1 GET http://localhost:5243/images/header.png - null null
2024-11-25 12:07:34.140 +01:00 [INF] Request finished HTTP/1.1 GET http://localhost:5243/js/jquery.validate.unobtrusive.js - 404 0 null 4.7789ms
2024-11-25 12:07:34.140 +01:00 [INF] Request finished HTTP/1.1 GET http://localhost:5243/js/jquery.validate.js - 404 0 null 4.733ms
2024-11-25 12:07:34.141 +01:00 [INF] Request reached the end of the middleware pipeline without being handled by application code. Request path: GET http://localhost:5243/js/jquery.validate.unobtrusive.js, Response status code: 404
2024-11-25 12:07:34.141 +01:00 [INF] Request reached the end of the middleware pipeline without being handled by application code. Request path: GET http://localhost:5243/js/jquery.validate.js, Response status code: 404
2024-11-25 12:07:34.143 +01:00 [INF] The file /js/bootstrap.js was not modified
2024-11-25 12:07:34.143 +01:00 [INF] The file /js/jquery.min.js was not modified
2024-11-25 12:07:34.143 +01:00 [INF] The file /images/header.png was not modified
2024-11-25 12:07:34.143 +01:00 [INF] Request finished HTTP/1.1 GET http://localhost:5243/js/bootstrap.js - 304 null text/javascript 10.4585ms
2024-11-25 12:07:34.143 +01:00 [INF] Request finished HTTP/1.1 GET http://localhost:5243/js/jquery.min.js - 304 null text/javascript 10.5404ms
2024-11-25 12:07:34.143 +01:00 [INF] Request finished HTTP/1.1 GET http://localhost:5243/images/header.png - 304 null image/png 7.5275ms
2024-11-25 12:07:34.161 +01:00 [INF] Sending file. Request path: '/mystyle.css'. Physical path: 'C:\Users\solve\VSprojects\Webapplikasjoner\PinThePlace\PinThePlace\wwwroot\mystyle.css'
2024-11-25 12:07:34.161 +01:00 [INF] Request finished HTTP/1.1 GET http://localhost:5243/mystyle.css - 200 333 text/css 26.4802ms
2024-11-25 12:07:34.227 +01:00 [INF] Request starting HTTP/1.1 GET http://localhost:5243/js/bootstrap.min.js - null null
2024-11-25 12:07:34.230 +01:00 [INF] Request finished HTTP/1.1 GET http://localhost:5243/js/bootstrap.min.js - 404 0 null 3.3975ms
2024-11-25 12:07:34.230 +01:00 [INF] Request reached the end of the middleware pipeline without being handled by application code. Request path: GET http://localhost:5243/js/bootstrap.min.js, Response status code: 404
2024-11-25 12:07:34.276 +01:00 [INF] Request starting HTTP/1.1 GET http://localhost:5243/images/Map.png - null null
2024-11-25 12:07:34.277 +01:00 [INF] The file /images/Map.png was not modified
2024-11-25 12:07:34.277 +01:00 [INF] Request finished HTTP/1.1 GET http://localhost:5243/images/Map.png - 304 null image/png 0.4869ms
2024-11-25 12:07:34.558 +01:00 [INF] Request starting HTTP/1.1 GET http://localhost:5243/favicon.ico - null null
2024-11-25 12:07:34.559 +01:00 [INF] Request finished HTTP/1.1 GET http://localhost:5243/favicon.ico - 404 0 null 0.7978ms
2024-11-25 12:07:34.559 +01:00 [INF] Request reached the end of the middleware pipeline without being handled by application code. Request path: GET http://localhost:5243/favicon.ico, Response status code: 404
2024-11-25 12:07:46.465 +01:00 [INF] Request starting HTTP/1.1 GET http://localhost:5243/Pin/Create - null null
2024-11-25 12:07:46.471 +01:00 [INF] Authorization failed. These requirements were not met:
DenyAnonymousAuthorizationRequirement: Requires an authenticated user.
2024-11-25 12:07:46.472 +01:00 [INF] AuthenticationScheme: Identity.Application was challenged.
2024-11-25 12:07:46.473 +01:00 [INF] Request finished HTTP/1.1 GET http://localhost:5243/Pin/Create - 302 0 null 7.3511ms
2024-11-25 12:07:46.476 +01:00 [INF] Request starting HTTP/1.1 GET http://localhost:5243/Identity/Account/Login?ReturnUrl=%2FPin%2FCreate - null null
2024-11-25 12:07:46.476 +01:00 [INF] Executing endpoint '/Account/Login'
2024-11-25 12:07:46.491 +01:00 [INF] Route matched with {page = "/Account/Login", area = "Identity", action = "", controller = ""}. Executing page /Account/Login
2024-11-25 12:07:46.504 +01:00 [INF] Executing handler method PinThePlace.Areas.Identity.Pages.Account.LoginModel.OnGetAsync - ModelState is "Valid"
2024-11-25 12:07:46.509 +01:00 [INF] AuthenticationScheme: Identity.External signed out.
2024-11-25 12:07:46.510 +01:00 [INF] Executed handler method OnGetAsync, returned result .
2024-11-25 12:07:46.512 +01:00 [INF] Executing an implicit handler method - ModelState is "Valid"
2024-11-25 12:07:46.513 +01:00 [INF] Executed an implicit handler method, returned result Microsoft.AspNetCore.Mvc.RazorPages.PageResult.
2024-11-25 12:07:46.557 +01:00 [INF] Executed page /Account/Login in 66.4227ms
2024-11-25 12:07:46.557 +01:00 [INF] Executed endpoint '/Account/Login'
2024-11-25 12:07:46.558 +01:00 [INF] Request finished HTTP/1.1 GET http://localhost:5243/Identity/Account/Login?ReturnUrl=%2FPin%2FCreate - 200 null text/html; charset=utf-8 82.0619ms
2024-11-25 12:07:46.577 +01:00 [INF] Request starting HTTP/1.1 GET http://localhost:5243/js/jquery.validate.js - null null
2024-11-25 12:07:46.577 +01:00 [INF] Request starting HTTP/1.1 GET http://localhost:5243/js/jquery.validate.unobtrusive.js - null null
2024-11-25 12:07:46.577 +01:00 [INF] Request starting HTTP/1.1 GET http://localhost:5243/lib/jquery-validation/dist/jquery.validate.min.js - null null
2024-11-25 12:07:46.579 +01:00 [INF] Request finished HTTP/1.1 GET http://localhost:5243/js/jquery.validate.unobtrusive.js - 404 0 null 1.9766ms
2024-11-25 12:07:46.579 +01:00 [INF] Request finished HTTP/1.1 GET http://localhost:5243/js/jquery.validate.js - 404 0 null 2.6989ms
2024-11-25 12:07:46.579 +01:00 [INF] Request finished HTTP/1.1 GET http://localhost:5243/lib/jquery-validation/dist/jquery.validate.min.js - 404 0 null 1.8779ms
2024-11-25 12:07:46.580 +01:00 [INF] Request reached the end of the middleware pipeline without being handled by application code. Request path: GET http://localhost:5243/js/jquery.validate.js, Response status code: 404
2024-11-25 12:07:46.580 +01:00 [INF] Request reached the end of the middleware pipeline without being handled by application code. Request path: GET http://localhost:5243/js/jquery.validate.unobtrusive.js, Response status code: 404
2024-11-25 12:07:46.580 +01:00 [INF] Request reached the end of the middleware pipeline without being handled by application code. Request path: GET http://localhost:5243/lib/jquery-validation/dist/jquery.validate.min.js, Response status code: 404
2024-11-25 12:07:46.603 +01:00 [INF] Request starting HTTP/1.1 GET http://localhost:5243/lib/jquery-validation-unobtrusive/jquery.validate.unobtrusive.min.js - null null
2024-11-25 12:07:46.604 +01:00 [INF] Request finished HTTP/1.1 GET http://localhost:5243/lib/jquery-validation-unobtrusive/jquery.validate.unobtrusive.min.js - 404 0 null 0.6669ms
2024-11-25 12:07:46.604 +01:00 [INF] Request reached the end of the middleware pipeline without being handled by application code. Request path: GET http://localhost:5243/lib/jquery-validation-unobtrusive/jquery.validate.unobtrusive.min.js, Response status code: 404
2024-11-25 12:07:55.697 +01:00 [INF] Request starting HTTP/1.1 POST http://localhost:5243/Identity/Account/Login?ReturnUrl=%2FPin%2FCreate - application/x-www-form-urlencoded 256
2024-11-25 12:07:55.704 +01:00 [INF] Executing endpoint '/Account/Login'
2024-11-25 12:07:55.705 +01:00 [INF] Route matched with {page = "/Account/Login", area = "Identity", action = "", controller = ""}. Executing page /Account/Login
2024-11-25 12:07:55.749 +01:00 [INF] Executing handler method PinThePlace.Areas.Identity.Pages.Account.LoginModel.OnPostAsync - ModelState is "Valid"
2024-11-25 12:07:56.091 +01:00 [INF] AuthenticationScheme: Identity.Application signed in.
2024-11-25 12:07:56.091 +01:00 [INF] User logged in.
2024-11-25 12:07:56.092 +01:00 [INF] Executed handler method OnPostAsync, returned result Microsoft.AspNetCore.Mvc.LocalRedirectResult.
2024-11-25 12:07:56.093 +01:00 [INF] Executing LocalRedirectResult, redirecting to /Pin/Create.
2024-11-25 12:07:56.094 +01:00 [INF] Executed page /Account/Login in 388.092ms
2024-11-25 12:07:56.094 +01:00 [INF] Executed endpoint '/Account/Login'
2024-11-25 12:07:56.094 +01:00 [INF] Request finished HTTP/1.1 POST http://localhost:5243/Identity/Account/Login?ReturnUrl=%2FPin%2FCreate - 302 0 null 397.1406ms
2024-11-25 12:07:56.098 +01:00 [INF] Request starting HTTP/1.1 GET http://localhost:5243/Pin/Create - null null
2024-11-25 12:07:56.107 +01:00 [INF] Executing endpoint 'PinThePlace.Controllers.PinController.Create (PinThePlace)'
2024-11-25 12:07:56.110 +01:00 [INF] Route matched with {action = "Create", controller = "Pin", page = "", area = ""}. Executing controller action with signature Microsoft.AspNetCore.Mvc.IActionResult Create() on controller PinThePlace.Controllers.PinController (PinThePlace).
2024-11-25 12:07:56.111 +01:00 [INF] Executing ViewResult, running view Create.
2024-11-25 12:07:56.166 +01:00 [INF] Executed ViewResult - view Create executed in 55.384ms.
2024-11-25 12:07:56.166 +01:00 [INF] Executed action PinThePlace.Controllers.PinController.Create (PinThePlace) in 56.3409ms
2024-11-25 12:07:56.166 +01:00 [INF] Executed endpoint 'PinThePlace.Controllers.PinController.Create (PinThePlace)'
2024-11-25 12:07:56.167 +01:00 [INF] Request finished HTTP/1.1 GET http://localhost:5243/Pin/Create - 200 null text/html; charset=utf-8 68.9961ms
2024-11-25 12:07:56.192 +01:00 [INF] Request starting HTTP/1.1 GET http://localhost:5243/js/jquery.validate.unobtrusive.js - null null
2024-11-25 12:07:56.192 +01:00 [INF] Request starting HTTP/1.1 GET http://localhost:5243/js/jquery.validate.js - null null
2024-11-25 12:07:56.196 +01:00 [INF] Request finished HTTP/1.1 GET http://localhost:5243/js/jquery.validate.js - 404 0 null 3.7299ms
2024-11-25 12:07:56.196 +01:00 [INF] Request finished HTTP/1.1 GET http://localhost:5243/js/jquery.validate.unobtrusive.js - 404 0 null 3.8251ms
2024-11-25 12:07:56.196 +01:00 [INF] Request reached the end of the middleware pipeline without being handled by application code. Request path: GET http://localhost:5243/js/jquery.validate.js, Response status code: 404
2024-11-25 12:07:56.196 +01:00 [INF] Request reached the end of the middleware pipeline without being handled by application code. Request path: GET http://localhost:5243/js/jquery.validate.unobtrusive.js, Response status code: 404
2024-11-25 12:08:03.055 +01:00 [INF] Request starting HTTP/1.1 POST http://localhost:5243/Pin/Create - multipart/form-data; boundary=----WebKitFormBoundarycFx9AXqT9kw3TkNd 1199
2024-11-25 12:08:03.061 +01:00 [INF] Executing endpoint 'PinThePlace.Controllers.PinController.Create (PinThePlace)'
2024-11-25 12:08:03.077 +01:00 [INF] Route matched with {action = "Create", controller = "Pin", page = "", area = ""}. Executing controller action with signature System.Threading.Tasks.Task`1[Microsoft.AspNetCore.Mvc.IActionResult] Create(PinThePlace.Models.Pin) on controller PinThePlace.Controllers.PinController (PinThePlace).
2024-11-25 12:08:03.117 +01:00 [INF] Executing RedirectResult, redirecting to /.
2024-11-25 12:08:03.117 +01:00 [INF] Executed action PinThePlace.Controllers.PinController.Create (PinThePlace) in 39.5802ms
2024-11-25 12:08:03.117 +01:00 [INF] Executed endpoint 'PinThePlace.Controllers.PinController.Create (PinThePlace)'
2024-11-25 12:08:03.117 +01:00 [INF] Request finished HTTP/1.1 POST http://localhost:5243/Pin/Create - 302 0 null 62.5362ms
2024-11-25 12:08:03.123 +01:00 [INF] Request starting HTTP/1.1 GET http://localhost:5243/ - null null
2024-11-25 12:08:03.123 +01:00 [INF] Executing endpoint 'PinThePlace.Controllers.PinController.Table (PinThePlace)'
2024-11-25 12:08:03.124 +01:00 [INF] Route matched with {action = "Table", controller = "Pin", page = "", area = ""}. Executing controller action with signature System.Threading.Tasks.Task`1[Microsoft.AspNetCore.Mvc.IActionResult] Table() on controller PinThePlace.Controllers.PinController (PinThePlace).
2024-11-25 12:08:03.126 +01:00 [INF] Executing ViewResult, running view Table.
2024-11-25 12:08:03.134 +01:00 [INF] Executed ViewResult - view Table executed in 8.2483ms.
2024-11-25 12:08:03.134 +01:00 [INF] Executed action PinThePlace.Controllers.PinController.Table (PinThePlace) in 10.8647ms
2024-11-25 12:08:03.135 +01:00 [INF] Executed endpoint 'PinThePlace.Controllers.PinController.Table (PinThePlace)'
2024-11-25 12:08:03.135 +01:00 [INF] Request finished HTTP/1.1 GET http://localhost:5243/ - 200 null text/html; charset=utf-8 12.602ms
2024-11-25 12:08:03.154 +01:00 [INF] Request starting HTTP/1.1 GET http://localhost:5243/js/jquery.validate.js - null null
2024-11-25 12:08:03.155 +01:00 [INF] Request starting HTTP/1.1 GET http://localhost:5243/js/jquery.validate.unobtrusive.js - null null
2024-11-25 12:08:03.156 +01:00 [INF] Request finished HTTP/1.1 GET http://localhost:5243/js/jquery.validate.js - 404 0 null 1.8507ms
2024-11-25 12:08:03.156 +01:00 [INF] Request reached the end of the middleware pipeline without being handled by application code. Request path: GET http://localhost:5243/js/jquery.validate.js, Response status code: 404
2024-11-25 12:08:03.157 +01:00 [INF] Request starting HTTP/1.1 GET http://localhost:5243/js/bootstrap.min.js - null null
2024-11-25 12:08:03.157 +01:00 [INF] Request finished HTTP/1.1 GET http://localhost:5243/js/jquery.validate.unobtrusive.js - 404 0 null 2.0266ms
2024-11-25 12:08:03.158 +01:00 [INF] Request reached the end of the middleware pipeline without being handled by application code. Request path: GET http://localhost:5243/js/jquery.validate.unobtrusive.js, Response status code: 404
2024-11-25 12:08:03.159 +01:00 [INF] Request finished HTTP/1.1 GET http://localhost:5243/js/bootstrap.min.js - 404 0 null 1.6897ms
2024-11-25 12:08:03.159 +01:00 [INF] Request reached the end of the middleware pipeline without being handled by application code. Request path: GET http://localhost:5243/js/bootstrap.min.js, Response status code: 404
2024-11-25 12:08:12.206 +01:00 [INF] Request starting HTTP/1.1 POST http://localhost:5243/Identity/Account/Logout?returnUrl=%2FHome%2FIndex - application/x-www-form-urlencoded 225
2024-11-25 12:08:12.207 +01:00 [INF] Executing endpoint '/Account/Logout'
2024-11-25 12:08:12.213 +01:00 [INF] Route matched with {page = "/Account/Logout", area = "Identity", action = "", controller = ""}. Executing page /Account/Logout
2024-11-25 12:08:12.214 +01:00 [INF] Executing handler method PinThePlace.Areas.Identity.Pages.Account.LogoutModel.OnPost - ModelState is "Valid"
2024-11-25 12:08:12.216 +01:00 [INF] AuthenticationScheme: Identity.Application signed out.
2024-11-25 12:08:12.217 +01:00 [INF] AuthenticationScheme: Identity.External signed out.
2024-11-25 12:08:12.217 +01:00 [INF] AuthenticationScheme: Identity.TwoFactorUserId signed out.
2024-11-25 12:08:12.217 +01:00 [INF] User logged out.
2024-11-25 12:08:12.218 +01:00 [INF] Executed handler method OnPost, returned result Microsoft.AspNetCore.Mvc.LocalRedirectResult.
2024-11-25 12:08:12.218 +01:00 [INF] Executing LocalRedirectResult, redirecting to /Home/Index.
2024-11-25 12:08:12.218 +01:00 [INF] Executed page /Account/Logout in 5.0439ms
2024-11-25 12:08:12.218 +01:00 [INF] Executed endpoint '/Account/Logout'
2024-11-25 12:08:12.218 +01:00 [INF] Request finished HTTP/1.1 POST http://localhost:5243/Identity/Account/Logout?returnUrl=%2FHome%2FIndex - 302 0 null 11.9904ms
2024-11-25 12:08:12.221 +01:00 [INF] Request starting HTTP/1.1 GET http://localhost:5243/Home/Index - null null
2024-11-25 12:08:12.223 +01:00 [INF] Executing endpoint 'PinThePlace.Controllers.HomeController.Index (PinThePlace)'
2024-11-25 12:08:12.224 +01:00 [INF] Route matched with {action = "Index", controller = "Home", page = "", area = ""}. Executing controller action with signature Microsoft.AspNetCore.Mvc.IActionResult Index() on controller PinThePlace.Controllers.HomeController (PinThePlace).
2024-11-25 12:08:12.226 +01:00 [INF] Executing ViewResult, running view Index.
2024-11-25 12:08:12.233 +01:00 [INF] Executed ViewResult - view Index executed in 8.3081ms.
2024-11-25 12:08:12.233 +01:00 [INF] Executed action PinThePlace.Controllers.HomeController.Index (PinThePlace) in 8.9674ms
2024-11-25 12:08:12.233 +01:00 [INF] Executed endpoint 'PinThePlace.Controllers.HomeController.Index (PinThePlace)'
2024-11-25 12:08:12.233 +01:00 [INF] Request finished HTTP/1.1 GET http://localhost:5243/Home/Index - 200 null text/html; charset=utf-8 12.0461ms
2024-11-25 12:08:12.253 +01:00 [INF] Request starting HTTP/1.1 GET http://localhost:5243/js/jquery.validate.js - null null
2024-11-25 12:08:12.253 +01:00 [INF] Request starting HTTP/1.1 GET http://localhost:5243/js/jquery.validate.unobtrusive.js - null null
2024-11-25 12:08:12.254 +01:00 [INF] Request finished HTTP/1.1 GET http://localhost:5243/js/jquery.validate.js - 404 0 null 0.8083ms
2024-11-25 12:08:12.254 +01:00 [INF] Request finished HTTP/1.1 GET http://localhost:5243/js/jquery.validate.unobtrusive.js - 404 0 null 0.5281ms
2024-11-25 12:08:12.254 +01:00 [INF] Request reached the end of the middleware pipeline without being handled by application code. Request path: GET http://localhost:5243/js/jquery.validate.unobtrusive.js, Response status code: 404
2024-11-25 12:08:12.254 +01:00 [INF] Request reached the end of the middleware pipeline without being handled by application code. Request path: GET http://localhost:5243/js/jquery.validate.js, Response status code: 404
2024-11-25 12:08:17.125 +01:00 [INF] Request starting HTTP/1.1 GET http://localhost:5243/ - null null
2024-11-25 12:08:17.125 +01:00 [INF] Executing endpoint 'PinThePlace.Controllers.PinController.Table (PinThePlace)'
2024-11-25 12:08:17.125 +01:00 [INF] Route matched with {action = "Table", controller = "Pin", page = "", area = ""}. Executing controller action with signature System.Threading.Tasks.Task`1[Microsoft.AspNetCore.Mvc.IActionResult] Table() on controller PinThePlace.Controllers.PinController (PinThePlace).
2024-11-25 12:08:17.129 +01:00 [INF] Executing ViewResult, running view Table.
2024-11-25 12:08:17.131 +01:00 [INF] Executed ViewResult - view Table executed in 2.4778ms.
2024-11-25 12:08:17.132 +01:00 [INF] Executed action PinThePlace.Controllers.PinController.Table (PinThePlace) in 6.1981ms
2024-11-25 12:08:17.132 +01:00 [INF] Executed endpoint 'PinThePlace.Controllers.PinController.Table (PinThePlace)'
2024-11-25 12:08:17.132 +01:00 [INF] Request finished HTTP/1.1 GET http://localhost:5243/ - 200 null text/html; charset=utf-8 7.357ms
2024-11-25 12:08:17.148 +01:00 [INF] Request starting HTTP/1.1 GET http://localhost:5243/js/jquery.validate.unobtrusive.js - null null
2024-11-25 12:08:17.148 +01:00 [INF] Request starting HTTP/1.1 GET http://localhost:5243/js/jquery.validate.js - null null
2024-11-25 12:08:17.148 +01:00 [INF] Request starting HTTP/1.1 GET http://localhost:5243/js/bootstrap.min.js - null null
2024-11-25 12:08:17.149 +01:00 [INF] Request finished HTTP/1.1 GET http://localhost:5243/js/jquery.validate.js - 404 0 null 0.4179ms
2024-11-25 12:08:17.149 +01:00 [INF] Request reached the end of the middleware pipeline without being handled by application code. Request path: GET http://localhost:5243/js/jquery.validate.js, Response status code: 404
2024-11-25 12:08:17.149 +01:00 [INF] Request finished HTTP/1.1 GET http://localhost:5243/js/jquery.validate.unobtrusive.js - 404 0 null 0.554ms
2024-11-25 12:08:17.149 +01:00 [INF] Request finished HTTP/1.1 GET http://localhost:5243/js/bootstrap.min.js - 404 0 null 0.2951ms
2024-11-25 12:08:17.149 +01:00 [INF] Request reached the end of the middleware pipeline without being handled by application code. Request path: GET http://localhost:5243/js/jquery.validate.unobtrusive.js, Response status code: 404
2024-11-25 12:08:17.149 +01:00 [INF] Request reached the end of the middleware pipeline without being handled by application code. Request path: GET http://localhost:5243/js/bootstrap.min.js, Response status code: 404
