2024-11-19 12:47:58.252 +01:00 [INF] User profile is available. Using 'C:\Users\solve\AppData\Local\ASP.NET\DataProtection-Keys' as key repository and Windows DPAPI to encrypt keys at rest.
2024-11-19 12:47:58.419 +01:00 [INF] Now listening on: http://localhost:5243
2024-11-19 12:47:58.423 +01:00 [INF] Application started. Press Ctrl+C to shut down.
2024-11-19 12:47:58.424 +01:00 [INF] Hosting environment: Development
2024-11-19 12:47:58.424 +01:00 [INF] Content root path: C:\Users\solve\VSprojects\Webapplikasjoner\PinThePlace\PinThePlace
2024-11-19 12:47:58.657 +01:00 [INF] Request starting HTTP/1.1 GET http://localhost:5243/ - null null
2024-11-19 12:47:58.703 +01:00 [INF] Executing endpoint 'PinThePlace.Controllers.PinController.Table (PinThePlace)'
2024-11-19 12:47:58.718 +01:00 [INF] Route matched with {action = "Table", controller = "Pin", page = "", area = ""}. Executing controller action with signature System.Threading.Tasks.Task`1[Microsoft.AspNetCore.Mvc.IActionResult] Table() on controller PinThePlace.Controllers.PinController (PinThePlace).
2024-11-19 12:47:58.725 +01:00 [INF] This is an information message.
2024-11-19 12:47:58.731 +01:00 [WRN] This is an warning message.
2024-11-19 12:47:58.732 +01:00 [ERR] This is an error message.
2024-11-19 12:47:58.788 +01:00 [INF] Executing ViewResult, running view Table.
2024-11-19 12:47:58.870 +01:00 [INF] Executed ViewResult - view Table executed in 81.8433ms.
2024-11-19 12:47:58.870 +01:00 [INF] Executed action PinThePlace.Controllers.PinController.Table (PinThePlace) in 152.3439ms
2024-11-19 12:47:58.871 +01:00 [INF] Executed endpoint 'PinThePlace.Controllers.PinController.Table (PinThePlace)'
2024-11-19 12:47:58.876 +01:00 [INF] Request finished HTTP/1.1 GET http://localhost:5243/ - 200 null text/html; charset=utf-8 221.1197ms
2024-11-19 12:47:58.895 +01:00 [INF] Request starting HTTP/1.1 GET http://localhost:5243/js/jquery.validate.js - null null
2024-11-19 12:47:58.895 +01:00 [INF] Request starting HTTP/1.1 GET http://localhost:5243/js/jquery.validate.unobtrusive.js - null null
2024-11-19 12:47:58.903 +01:00 [INF] Request finished HTTP/1.1 GET http://localhost:5243/js/jquery.validate.unobtrusive.js - 404 0 null 7.1229ms
2024-11-19 12:47:58.903 +01:00 [INF] Request finished HTTP/1.1 GET http://localhost:5243/js/jquery.validate.js - 404 0 null 7.4046ms
2024-11-19 12:47:58.904 +01:00 [INF] Request reached the end of the middleware pipeline without being handled by application code. Request path: GET http://localhost:5243/js/jquery.validate.unobtrusive.js, Response status code: 404
2024-11-19 12:47:58.904 +01:00 [INF] Request reached the end of the middleware pipeline without being handled by application code. Request path: GET http://localhost:5243/js/jquery.validate.js, Response status code: 404
2024-11-19 12:47:59.016 +01:00 [INF] Request starting HTTP/1.1 GET http://localhost:5243/js/bootstrap.min.js - null null
2024-11-19 12:47:59.019 +01:00 [INF] Request finished HTTP/1.1 GET http://localhost:5243/js/bootstrap.min.js - 404 0 null 3.6878ms
2024-11-19 12:47:59.020 +01:00 [INF] Request reached the end of the middleware pipeline without being handled by application code. Request path: GET http://localhost:5243/js/bootstrap.min.js, Response status code: 404
