2024-10-22 12:55:28.674 +02:00 [INF] Executed DbCommand (9ms) [Parameters=[], CommandType='"Text"', CommandTimeout='30']
SELECT COUNT(*) FROM "sqlite_master" WHERE "type" = 'table' AND "rootpage" IS NOT NULL;
2024-10-22 12:55:28.800 +02:00 [INF] Executed DbCommand (0ms) [Parameters=[], CommandType='"Text"', CommandTimeout='30']
SELECT EXISTS (
    SELECT 1
    FROM "Pins" AS "p")
2024-10-22 12:55:28.806 +02:00 [INF] Executed DbCommand (0ms) [Parameters=[], CommandType='"Text"', CommandTimeout='30']
SELECT EXISTS (
    SELECT 1
    FROM "Users" AS "u")
2024-10-22 12:55:28.936 +02:00 [INF] User profile is available. Using 'C:\Users\inger\AppData\Local\ASP.NET\DataProtection-Keys' as key repository and Windows DPAPI to encrypt keys at rest.
2024-10-22 12:55:28.999 +02:00 [INF] Now listening on: http://localhost:5243
2024-10-22 12:55:29.003 +02:00 [INF] Application started. Press Ctrl+C to shut down.
2024-10-22 12:55:29.004 +02:00 [INF] Hosting environment: Development
2024-10-22 12:55:29.005 +02:00 [INF] Content root path: C:\Users\inger\Documents\GitHub\PinThePlace\PinThePlace
2024-10-22 12:55:29.183 +02:00 [INF] Request starting HTTP/1.1 GET http://localhost:5243/ - null null
2024-10-22 12:55:29.199 +02:00 [INF] Executing endpoint 'PinThePlace.Controllers.PinController.Table (PinThePlace)'
2024-10-22 12:55:29.208 +02:00 [INF] Route matched with {action = "Table", controller = "Pin"}. Executing controller action with signature System.Threading.Tasks.Task`1[Microsoft.AspNetCore.Mvc.IActionResult] Table() on controller PinThePlace.Controllers.PinController (PinThePlace).
2024-10-22 12:55:29.216 +02:00 [INF] This is an information message.
2024-10-22 12:55:29.220 +02:00 [WRN] This is a warning message
2024-10-22 12:55:29.221 +02:00 [ERR] This is an error message
2024-10-22 12:55:29.344 +02:00 [INF] Executed DbCommand (1ms) [Parameters=[], CommandType='"Text"', CommandTimeout='30']
SELECT "p"."PinId", "p"."Comment", "p"."ImageUrl", "p"."Name", "p"."Rating"
FROM "Pins" AS "p"
2024-10-22 12:55:29.392 +02:00 [INF] Executing ViewResult, running view Table.
2024-10-22 12:55:29.460 +02:00 [INF] Executed ViewResult - view Table executed in 67.9266ms.
2024-10-22 12:55:29.461 +02:00 [INF] Executed action PinThePlace.Controllers.PinController.Table (PinThePlace) in 252.5317ms
2024-10-22 12:55:29.461 +02:00 [INF] Executed endpoint 'PinThePlace.Controllers.PinController.Table (PinThePlace)'
2024-10-22 12:55:29.477 +02:00 [INF] Request finished HTTP/1.1 GET http://localhost:5243/ - 200 null text/html; charset=utf-8 290.7923ms
2024-10-22 12:55:29.479 +02:00 [INF] Request starting HTTP/1.1 GET http://localhost:5243/images/header.png - null null
2024-10-22 12:55:29.480 +02:00 [INF] Request starting HTTP/1.1 GET http://localhost:5243/mystyle.css - null null
2024-10-22 12:55:29.480 +02:00 [INF] Request starting HTTP/1.1 GET http://localhost:5243/js/jquery.min.js - null null
2024-10-22 12:55:29.481 +02:00 [INF] Request starting HTTP/1.1 GET http://localhost:5243/images/map.png - null null
2024-10-22 12:55:29.483 +02:00 [INF] Request starting HTTP/1.1 GET http://localhost:5243/js/bootstrap.js - null null
2024-10-22 12:55:29.496 +02:00 [INF] The file /js/bootstrap.js was not modified
2024-10-22 12:55:29.496 +02:00 [INF] The file /js/jquery.min.js was not modified
2024-10-22 12:55:29.496 +02:00 [INF] The file /images/map.png was not modified
2024-10-22 12:55:29.496 +02:00 [INF] The file /images/header.png was not modified
2024-10-22 12:55:29.496 +02:00 [INF] The file /mystyle.css was not modified
2024-10-22 12:55:29.497 +02:00 [INF] Request finished HTTP/1.1 GET http://localhost:5243/images/header.png - 304 null image/png 17.8749ms
2024-10-22 12:55:29.497 +02:00 [INF] Request finished HTTP/1.1 GET http://localhost:5243/js/jquery.min.js - 304 null text/javascript 16.4536ms
2024-10-22 12:55:29.497 +02:00 [INF] Request finished HTTP/1.1 GET http://localhost:5243/mystyle.css - 304 null text/css 17.8699ms
2024-10-22 12:55:29.497 +02:00 [INF] Request finished HTTP/1.1 GET http://localhost:5243/js/bootstrap.js - 304 null text/javascript 15.1515ms
2024-10-22 12:55:29.497 +02:00 [INF] Request finished HTTP/1.1 GET http://localhost:5243/images/map.png - 304 null image/png 15.7826ms
2024-10-22 12:55:29.503 +02:00 [INF] Request starting HTTP/1.1 GET http://localhost:5243/js/bootstrap.min.js - null null
2024-10-22 12:55:29.504 +02:00 [INF] Request finished HTTP/1.1 GET http://localhost:5243/js/bootstrap.min.js - 404 0 null 1.3ms
2024-10-22 12:55:29.506 +02:00 [INF] Request reached the end of the middleware pipeline without being handled by application code. Request path: GET http://localhost:5243/js/bootstrap.min.js, Response status code: 404
2024-10-22 12:55:29.730 +02:00 [INF] Request starting HTTP/1.1 GET http://localhost:5243/favicon.ico - null null
2024-10-22 12:55:29.732 +02:00 [INF] Request finished HTTP/1.1 GET http://localhost:5243/favicon.ico - 404 0 null 1.5778ms
2024-10-22 12:55:29.732 +02:00 [INF] Request reached the end of the middleware pipeline without being handled by application code. Request path: GET http://localhost:5243/favicon.ico, Response status code: 404
